2023/05/01 10:05:36 - logger - ERROR - 引数の数が正しくありません. 2つの引数を指定してください.
2023/05/01 10:05:43 - logger - ERROR - 引数の数が正しくありません. 2つの引数を指定してください.
2023/05/01 10:05:47 - logger - ERROR - 日付形式が正しくありません. YYYY-MM-DDの形式で入力してください.
2023/05/01 10:05:53 - logger - INFO - 一時ダウンロードフォルダを作成しました.
2023/05/01 10:05:53 - logger - INFO - 一時ダウンロードフォルダのパス: C:\Users\wellk\project\mitene-download/tmp_dl_dir
2023/05/01 10:06:06 - logger - INFO - 現在のページのURL: https://mitene.us/f/K3VJjeGTSQ0/login
2023/05/01 10:06:06 - logger - INFO - ログインします.
2023/05/01 10:06:12 - logger - INFO - 現在のページのURL: https://mitene.us/f/K3VJjeGTSQ0
2023/05/01 10:06:12 - logger - INFO - ログインに成功しました.
2023/05/01 10:06:32 - logger - INFO - 001ページ目 画像・動画数:25 撮影日:2023/04/29から2023/05/01
2023/05/01 10:07:28 - logger - INFO - 一時ダウンロードフォルダが既に存在しています.
2023/05/01 10:07:28 - logger - INFO - 一時ダウンロードフォルダのパス: C:\Users\wellk\project\mitene-download/tmp_dl_dir
2023/05/01 10:07:41 - logger - INFO - 一時ダウンロードフォルダが既に存在しています.
2023/05/01 10:07:41 - logger - INFO - 一時ダウンロードフォルダのパス: C:\Users\wellk\project\mitene-download/tmp_dl_dir
2023/05/01 10:07:49 - logger - INFO - 現在のページのURL: https://mitene.us/f/K3VJjeGTSQ0/login
2023/05/01 10:07:49 - logger - INFO - ログインします.
2023/05/01 10:07:55 - logger - INFO - 現在のページのURL: https://mitene.us/f/K3VJjeGTSQ0
2023/05/01 10:07:55 - logger - INFO - ログインに成功しました.
2023/05/01 10:08:15 - logger - INFO - 001ページ目 画像・動画数:25 撮影日:2023/04/29から2023/05/01
2023/05/01 10:08:15 - logger - INFO - ページ内からDL対象期間に撮影された画像・動画を検索します.
2023/05/01 10:08:25 - logger - INFO - 画像・動画01枚目 撮影日:2023/05/01 DL対象外
2023/05/01 10:08:35 - logger - INFO - 画像・動画02枚目 撮影日:2023/05/01 DL対象外
2023/05/01 10:08:45 - logger - INFO - 画像・動画03枚目 撮影日:2023/05/01 DL対象外
2023/05/01 10:08:55 - logger - INFO - 画像・動画04枚目 撮影日:2023/05/01 DL対象外
2023/05/01 10:09:05 - logger - INFO - 画像・動画05枚目 撮影日:2023/04/30 DL対象
2023/05/01 10:09:05 - logger - INFO - ダウンロードを開始します.
2023/05/01 10:12:58 - logger - INFO - 一時ダウンロードフォルダが既に存在しています.
2023/05/01 10:12:58 - logger - INFO - 一時ダウンロードフォルダのパス: C:\Users\wellk\project\mitene-download/tmp_dl_dir
2023/05/01 10:13:28 - logger - INFO - 一時ダウンロードフォルダが既に存在しています.
2023/05/01 10:13:28 - logger - INFO - 一時ダウンロードフォルダのパス: C:\Users\wellk\project\mitene-download/tmp_dl_dir
2023/05/01 10:13:34 - logger - INFO - 現在のページのURL: https://mitene.us/f/K3VJjeGTSQ0/login
2023/05/01 10:13:34 - logger - INFO - ログインします.
2023/05/01 10:13:40 - logger - INFO - 現在のページのURL: https://mitene.us/f/K3VJjeGTSQ0
2023/05/01 10:13:40 - logger - INFO - ログインに成功しました.
2023/05/01 10:14:00 - logger - INFO - 001ページ目 画像・動画数:25 撮影日:2023/04/29から2023/05/01
2023/05/01 10:14:00 - logger - INFO - DL対象期間に撮影された画像・動画はページ内に存在しません.
2023/05/01 10:14:00 - logger - INFO - 次のページに遷移します.
2023/05/01 10:14:26 - logger - INFO - 002ページ目 画像・動画数:25 撮影日:2023/02/23から2023/04/29
2023/05/01 10:14:26 - logger - INFO - ページ内からDL対象期間に撮影された画像・動画を検索します.
2023/05/01 10:14:31 - logger - INFO - 画像・動画01枚目 撮影日:2023/04/29 DL対象外
2023/05/01 10:14:36 - logger - INFO - 画像・動画02枚目 撮影日:2023/04/29 DL対象外
2023/05/01 10:14:41 - logger - INFO - 画像・動画03枚目 撮影日:2023/04/29 DL対象外
2023/05/01 10:14:46 - logger - INFO - 画像・動画04枚目 撮影日:2023/04/29 DL対象外
2023/05/01 10:14:51 - logger - INFO - 画像・動画05枚目 撮影日:2023/04/29 DL対象外
2023/05/01 10:14:56 - logger - INFO - 画像・動画06枚目 撮影日:2023/04/17 DL対象
2023/05/01 10:14:56 - logger - INFO - ダウンロードを開始します.
2023/05/01 10:23:02 - logger - INFO - 一時ダウンロードフォルダが既に存在しています.
2023/05/01 10:23:02 - logger - INFO - 一時ダウンロードフォルダのパス: C:\Users\wellk\project\mitene-download/tmp_dl_dir
2023/05/01 10:23:32 - logger - INFO - 一時ダウンロードフォルダが既に存在しています.
2023/05/01 10:23:32 - logger - INFO - 一時ダウンロードフォルダのパス: C:\Users\wellk\project\mitene-download/tmp_dl_dir
2023/05/01 10:23:39 - logger - INFO - 現在のページのURL: https://mitene.us/f/K3VJjeGTSQ0/login
2023/05/01 10:23:39 - logger - INFO - ログインします.
2023/05/01 10:23:45 - logger - INFO - 現在のページのURL: https://mitene.us/f/K3VJjeGTSQ0
2023/05/01 10:23:45 - logger - INFO - ログインに成功しました.
2023/05/01 10:24:05 - logger - INFO - 001ページ目 画像・動画数:25 撮影日:2023/04/29から2023/05/01
2023/05/01 10:24:05 - logger - INFO - DL対象期間に撮影された画像・動画はページ内に存在しません.
2023/05/01 10:24:05 - logger - INFO - 次のページに遷移します.
2023/05/01 10:24:30 - logger - INFO - 002ページ目 画像・動画数:25 撮影日:2023/02/23から2023/04/29
2023/05/01 10:24:30 - logger - INFO - ページ内からDL対象期間に撮影された画像・動画を検索します.
2023/05/01 10:24:35 - logger - INFO - 画像・動画01枚目 撮影日:2023/04/29 DL対象外
2023/05/01 10:24:40 - logger - INFO - 画像・動画02枚目 撮影日:2023/04/29 DL対象外
2023/05/01 10:24:45 - logger - INFO - 画像・動画03枚目 撮影日:2023/04/29 DL対象外
2023/05/01 10:24:50 - logger - INFO - 画像・動画04枚目 撮影日:2023/04/29 DL対象外
2023/05/01 10:24:55 - logger - INFO - 画像・動画05枚目 撮影日:2023/04/29 DL対象外
2023/05/01 10:25:00 - logger - INFO - 画像・動画06枚目 撮影日:2023/04/17 DL対象
2023/05/01 10:25:00 - logger - INFO - ダウンロードを開始します.
2023/05/01 10:27:59 - logger - INFO - 一時ダウンロードフォルダが既に存在しています.
2023/05/01 10:27:59 - logger - INFO - 一時ダウンロードフォルダのパス: C:\Users\wellk\project\mitene-download/tmp_dl_dir
2023/05/01 10:28:06 - logger - INFO - 現在のページのURL: https://mitene.us/f/K3VJjeGTSQ0/login
2023/05/01 10:28:06 - logger - INFO - ログインします.
2023/05/01 10:28:12 - logger - INFO - 現在のページのURL: https://mitene.us/f/K3VJjeGTSQ0
2023/05/01 10:28:12 - logger - INFO - ログインに成功しました.
2023/05/01 10:28:32 - logger - INFO - 001ページ目 画像・動画数:25 撮影日:2023/04/29から2023/05/01
2023/05/01 10:28:32 - logger - INFO - DL対象期間に撮影された画像・動画はページ内に存在しません.
2023/05/01 10:28:32 - logger - INFO - 次のページに遷移します.
2023/05/01 10:28:57 - logger - INFO - 002ページ目 画像・動画数:25 撮影日:2023/02/23から2023/04/29
2023/05/01 10:28:57 - logger - INFO - ページ内からDL対象期間に撮影された画像・動画を検索します.
2023/05/01 10:29:02 - logger - INFO - 画像・動画01枚目 撮影日:2023/04/29 DL対象外
2023/05/01 10:29:08 - logger - INFO - 画像・動画02枚目 撮影日:2023/04/29 DL対象外
2023/05/01 10:29:13 - logger - INFO - 画像・動画03枚目 撮影日:2023/04/29 DL対象外
2023/05/01 10:29:18 - logger - INFO - 画像・動画04枚目 撮影日:2023/04/29 DL対象外
2023/05/01 10:29:23 - logger - INFO - 画像・動画05枚目 撮影日:2023/04/29 DL対象外
2023/05/01 10:29:28 - logger - INFO - 画像・動画06枚目 撮影日:2023/04/17 DL対象
2023/05/01 10:29:28 - logger - INFO - ダウンロードを開始します.
2023/05/01 10:31:00 - logger - INFO - 一時ダウンロードフォルダが既に存在しています.
2023/05/01 10:31:00 - logger - INFO - 一時ダウンロードフォルダのパス: C:\Users\wellk\project\mitene-download\tmp_dl_dir
2023/05/01 10:31:07 - logger - INFO - 現在のページのURL: https://mitene.us/f/K3VJjeGTSQ0/login
2023/05/01 10:31:07 - logger - INFO - ログインします.
2023/05/01 10:31:13 - logger - INFO - 現在のページのURL: https://mitene.us/f/K3VJjeGTSQ0
2023/05/01 10:31:13 - logger - INFO - ログインに成功しました.
2023/05/01 10:31:33 - logger - INFO - 001ページ目 画像・動画数:25 撮影日:2023/04/29から2023/05/01
2023/05/01 10:31:33 - logger - INFO - DL対象期間に撮影された画像・動画はページ内に存在しません.
2023/05/01 10:31:33 - logger - INFO - 次のページに遷移します.
2023/05/01 10:31:58 - logger - INFO - 002ページ目 画像・動画数:25 撮影日:2023/02/23から2023/04/29
2023/05/01 10:31:58 - logger - INFO - ページ内からDL対象期間に撮影された画像・動画を検索します.
2023/05/01 10:32:03 - logger - INFO - 画像・動画01枚目 撮影日:2023/04/29 DL対象外
2023/05/01 10:32:08 - logger - INFO - 画像・動画02枚目 撮影日:2023/04/29 DL対象外
2023/05/01 10:32:13 - logger - INFO - 画像・動画03枚目 撮影日:2023/04/29 DL対象外
2023/05/01 10:32:18 - logger - INFO - 画像・動画04枚目 撮影日:2023/04/29 DL対象外
2023/05/01 10:32:23 - logger - INFO - 画像・動画05枚目 撮影日:2023/04/29 DL対象外
2023/05/01 10:32:28 - logger - INFO - 画像・動画06枚目 撮影日:2023/04/17 DL対象
2023/05/01 10:32:28 - logger - INFO - ダウンロードを開始します.
2023/05/01 10:36:30 - logger - INFO - 一時ダウンロードフォルダが既に存在しています.
2023/05/01 10:36:30 - logger - INFO - 一時ダウンロードフォルダのパス: C:\Users\wellk\project\mitene-download\tmp_dl_dir
2023/05/01 10:36:33 - logger - INFO - 現在のページのURL: https://mitene.us/f/K3VJjeGTSQ0/login
2023/05/01 10:36:33 - logger - INFO - ログインします.
2023/05/01 10:36:35 - logger - INFO - 現在のページのURL: https://mitene.us/f/K3VJjeGTSQ0
2023/05/01 10:36:35 - logger - INFO - ログインに成功しました.
2023/05/01 10:36:39 - logger - INFO - 001ページ目 画像・動画数:25 撮影日:2023/04/29から2023/05/01
2023/05/01 10:36:39 - logger - INFO - DL対象期間に撮影された画像・動画はページ内に存在しません.
2023/05/01 10:36:39 - logger - INFO - 次のページに遷移します.
2023/05/01 10:36:45 - logger - INFO - 002ページ目 画像・動画数:25 撮影日:2023/02/23から2023/04/29
2023/05/01 10:36:45 - logger - INFO - ページ内からDL対象期間に撮影された画像・動画を検索します.
2023/05/01 10:36:46 - logger - INFO - 画像・動画01枚目 撮影日:2023/04/29 DL対象外
2023/05/01 10:36:47 - logger - INFO - 画像・動画02枚目 撮影日:2023/04/29 DL対象外
2023/05/01 10:36:48 - logger - INFO - 画像・動画03枚目 撮影日:2023/04/29 DL対象外
2023/05/01 10:36:49 - logger - INFO - 画像・動画04枚目 撮影日:2023/04/29 DL対象外
2023/05/01 10:36:50 - logger - INFO - 画像・動画05枚目 撮影日:2023/04/29 DL対象外
2023/05/01 10:36:51 - logger - INFO - 画像・動画06枚目 撮影日:2023/04/17 DL対象
2023/05/01 10:36:51 - logger - INFO - ダウンロードを開始します.
